Start testing: Feb 26 16:21 CET
----------------------------------------------------------
1/1 Testing: AlignmentRuns
1/1 Test: AlignmentRuns
Command: "/home/felix/workspaces/cpptest/NW-cmake/Alignment" "AC" "ABC" "1" "-1" "-1"
Directory: /home/felix/workspaces/cpptest/NW-cmake
"AlignmentRuns" start time: Feb 26 16:21 CET
Output:
----------------------------------------------------------
match=+1, mismatch=-1, gap=-1, freegapstart1: 0, freegapstart2: 0, freegapend1: 0, freegapend2: 0, local: 0
          A   B   C
      0  -1  -2  -3
  A  -1   1   0  -1
  C  -2   0   0   1
Score: 1
  1: A-C
     ABC
<end of output>
Test time =   0.00 sec
----------------------------------------------------------
Test Passed.
"AlignmentRuns" end time: Feb 26 16:21 CET
"AlignmentRuns" time elapsed: 00:00:00
----------------------------------------------------------

End testing: Feb 26 16:21 CET
